<?xml version="1.0" encoding="UTF-8"?>
<!-- Generated by org.testng.reporters.JUnitReportReporter -->
<testsuite skipped="0" hostname="DESKTOP-PC0AS14" name="AirportTest" tests="5" failures="0" timestamp="2021-08-30T22:13:37 MSK" time="0.015" errors="0">
  <testcase name="testGetPassengerPlaneWithMaxCapacity" time="0.000" classname="AirportTest"/>
  <testcase name="testIsNextPlaneMaxLoadCapacityIsHigherThanCurrent" time="0.001" classname="AirportTest"/>
  <testcase name="testHasAtLeastOneBomberInMilitaryPlanes" time="0.000" classname="AirportTest"/>
  <testcase name="testGetTransportMilitaryPlanes" time="0.000" classname="AirportTest"/>
  <testcase name="testExperimentalPlanesHasClassificationLevelHigherThanUnclassified" time="0.014" classname="AirportTest"/>
</testsuite> <!-- AirportTest -->
